<?xml version="1.0" encoding="UTF-8"?>
<!-- Generated by org.testng.reporters.JUnitReportReporter -->
<testsuite hostname="ASUS" failures="0" tests="1" name="DemoTest" time="21.179" errors="0" timestamp="2021-08-26T11:07:11 IST" skipped="0">
  <testcase classname="DemoTest" name="google_SampleTest" time="21.179"/>
  <system-out/>
</testsuite> <!-- DemoTest -->
