<?xml version="1.0" encoding="UTF-8"?>
<!-- Generated by org.testng.reporters.JUnitReportReporter -->
<testsuite hostname="ASUS" failures="0" tests="1" name="demo2.Demo" time="8.669" errors="0" timestamp="2021-08-22T16:23:48 IST" skipped="0">
  <testcase classname="demo2.Demo" name="google_SampleTest" time="8.669"/>
  <system-out/>
</testsuite> <!-- demo2.Demo -->
